Purchase(username='dominguezdaniel', currency='LSL', purchase_value=59532.1, country='Cook Islands')
Order(qty=14, sku_name='Audio Device')
Purchase(username='frazieranthony', currency='MNT', purchase_value=48156.37, country='Suriname')
Order(qty=11, sku_name='Audio Device')
Purchase(username='ndoyle', currency='TVD', purchase_value=93711.02, country='Suriname')
Order(qty=13, sku_name='Audio Device')
Purchase(username='gwilliams', currency='RON', purchase_value=81187.9, country='United Arab Emirates')
Order(qty=15, sku_name='Routers')
Purchase(username='ewright', currency='BND', purchase_value=8434.88, country='Poland')
Order(qty=13, sku_name='Routers')
Purchase(username='ayalasteven', currency='NIO', purchase_value=15621.18, country='Benin')
Order(qty=5, sku_name='Wifi Solutions')
Purchase(username='chanbryan', currency='EGP', purchase_value=30863.29, country='Benin')
Order(qty=1, sku_name='Smart Phone')
Purchase(username='aharris', currency='MWK', purchase_value=73718.89, country='Zimbabwe')
Order(qty=16, sku_name='TV')
Purchase(username='martineznoah', currency='FJD', purchase_value=77473.94, country='Slovakia (Slovak Republic)')
Order(qty=2, sku_name='Home Device')
Purchase(username='ffarrell', currency='CHF', purchase_value=75257.69, country='Montserrat')
Order(qty=15, sku_name='Routers')
Purchase(username='veronicacortez', currency='MRO', purchase_value=92950.23, country='Senegal')
Order(qty=9, sku_name='Wifi Solutions')
Purchase(username='nguyendominique', currency='CAD', purchase_value=92398.99, country='Gibraltar')
Order(qty=2, sku_name='Accesories')
Purchase(username='johnrodriguez', currency='BOB', purchase_value=78385.22, country='Zimbabwe')
Order(qty=5, sku_name='Tablet & Laptops')
Purchase(username='daniel82', currency='XAF', purchase_value=58309.91, country='Gabon')
Order(qty=11, sku_name='Audio Device')
Purchase(username='jerome90', currency='BDT', purchase_value=39699.24, country='Niger')
Order(qty=10, sku_name='Gaming')
Purchase(username='vnguyen', currency='UGX', purchase_value=8849.77, country='South Africa')
Order(qty=18, sku_name=' Smart TV')
Purchase(username='ericamiller', currency='TMT', purchase_value=87466.35, country='Belize')
Order(qty=19, sku_name='Audio Device')
Purchase(username='ijohnson', currency='AWG', purchase_value=98015.54, country='Lithuania')
Order(qty=4, sku_name='Watches')
Purchase(username='srodriguez', currency='YER', purchase_value=65693.02, country='Nauru')
Order(qty=7, sku_name='Routers')
