Purchase(username='murrayricky', currency='CNY', purchase_value=39949.76, country='Pakistan')
Order(qty=6, sku_name='Gaming')
Purchase(username='tanya73', currency='CLP', purchase_value=10077.07, country='Christmas Island')
Order(qty=3, sku_name=' Smart TV')
Purchase(username='howard60', currency='BBD', purchase_value=99033.29, country='Thailand')
Order(qty=5, sku_name=' Smart TV')
Purchase(username='leslie19', currency='NZD', purchase_value=51567.04, country="Cote d'Ivoire")
Order(qty=10, sku_name='Routers')
Purchase(username='rjordan', currency='IRR', purchase_value=687.1, country='Tanzania')
Order(qty=9, sku_name=' Smart TV')
Purchase(username='anthony65', currency='CUC', purchase_value=15146.81, country='Jamaica')
Order(qty=4, sku_name='Gaming')
Purchase(username='bryan94', currency='BBD', purchase_value=77546.48, country='Macedonia')
Order(qty=1, sku_name='TV')
Purchase(username='ritterwendy', currency='TOP', purchase_value=38427.57, country='Saint Martin')
Order(qty=7, sku_name='Gaming')
Purchase(username='dominguezbobby', currency='TOP', purchase_value=82628.04, country='Costa Rica')
Order(qty=17, sku_name=' Smart TV')
Purchase(username='lfigueroa', currency='LRD', purchase_value=53809.57, country='Gambia')
Order(qty=5, sku_name='Smart Phone')
Purchase(username='brittneyhull', currency='TVD', purchase_value=95211.94, country='Burundi')
Order(qty=5, sku_name='TV')
Purchase(username='stephaniechandler', currency='MDL', purchase_value=59301.51, country='Kazakhstan')
Order(qty=19, sku_name='Routers')
Purchase(username='cody20', currency='LYD', purchase_value=33278.89, country='Aruba')
Order(qty=20, sku_name=' Smart TV')
Purchase(username='edwardsevan', currency='VND', purchase_value=92871.98, country='Brazil')
Order(qty=17, sku_name='Watches')
Purchase(username='rachel47', currency='KES', purchase_value=21407.17, country='Lithuania')
Order(qty=5, sku_name='Wifi Solutions')
Purchase(username='ronaldbarnes', currency='CLP', purchase_value=78131.61, country='Anguilla')
Order(qty=11, sku_name='Gaming')
Purchase(username='andrea50', currency='CAD', purchase_value=78059.49, country='Botswana')
Order(qty=8, sku_name='Watches')
Purchase(username='nadams', currency='NIO', purchase_value=83328.59, country='Guernsey')
Order(qty=1, sku_name='Smart Phone')
Purchase(username='cfigueroa', currency='MGA', purchase_value=23166.57, country='Serbia')
Order(qty=20, sku_name='TV')
Purchase(username='smithedward', currency='ERN', purchase_value=12371.53, country='Cameroon')
Order(qty=15, sku_name='Watches')
Purchase(username='jose35', currency='BMD', purchase_value=91872.08, country='India')
Order(qty=5, sku_name='Audio Device')
Purchase(username='watkinsjoseph', currency='TRY', purchase_value=64193.89, country='Singapore')
Order(qty=18, sku_name=' Smart TV')
Purchase(username='xharris', currency='LKR', purchase_value=76860.95, country='Armenia')
Order(qty=18, sku_name=' Smart TV')
Purchase(username='huffmanamy', currency='RUB', purchase_value=68248.04, country='Finland')
Order(qty=15, sku_name=' Smart TV')
Purchase(username='sanchezlaura', currency='TZS', purchase_value=39015.37, country='Western Sahara')
Order(qty=8, sku_name='Watches')
Purchase(username='alvarezpatrick', currency='LKR', purchase_value=90952.18, country='Tunisia')
Order(qty=6, sku_name='Tablet & Laptops')
Purchase(username='qwoods', currency='DOP', purchase_value=73279.23, country='Guinea-Bissau')
Order(qty=20, sku_name='Watches')
Purchase(username='rachel31', currency='CUP', purchase_value=39830.97, country='Madagascar')
Order(qty=7, sku_name='Accesories')
Purchase(username='clarkcarrie', currency='BMD', purchase_value=59387.77, country='New Caledonia')
Order(qty=13, sku_name='Watches')
Purchase(username='jeremy44', currency='MGA', purchase_value=43656.74, country='Central African Republic')
Order(qty=13, sku_name=' Smart TV')
Purchase(username='robinsoneric', currency='MMK', purchase_value=5535.52, country='Montenegro')
Order(qty=19, sku_name='Routers')
Purchase(username='gutierrezjeffrey', currency='SHP', purchase_value=91285.56, country='Cameroon')
Order(qty=18, sku_name='Watches')
Purchase(username='william44', currency='WST', purchase_value=53397.82, country='Sierra Leone')
Order(qty=20, sku_name='TV')
Purchase(username='brittanyfitzpatrick', currency='BND', purchase_value=14420.93, country='Suriname')
Order(qty=14, sku_name='Watches')
Purchase(username='andrewthomas', currency='MMK', purchase_value=15320.59, country='Monaco')
Order(qty=5, sku_name='TV')
Purchase(username='marialewis', currency='KWD', purchase_value=93979.1, country='Moldova')
Order(qty=12, sku_name='Accesories')
Purchase(username='mark91', currency='XCD', purchase_value=33906.73, country='Algeria')
Order(qty=2, sku_name='Routers')
Purchase(username='jhill', currency='THB', purchase_value=64466.11, country='Mozambique')
Order(qty=3, sku_name='Watches')
Purchase(username='jennifer17', currency='BHD', purchase_value=25753.12, country='Timor-Leste')
Order(qty=2, sku_name='Smart Phone')
Purchase(username='gamblejennifer', currency='LTL', purchase_value=29620.78, country='Lithuania')
Order(qty=16, sku_name='Accesories')
Purchase(username='christineorozco', currency='KPW', purchase_value=64638.3, country='Taiwan')
Order(qty=6, sku_name='TV')
Purchase(username='danielsjustin', currency='AZN', purchase_value=77278.43, country='Cuba')
Order(qty=17, sku_name='TV')
Purchase(username='jedwards', currency='SHP', purchase_value=13930.85, country='Greenland')
Order(qty=18, sku_name='Smart Phone')
Purchase(username='hcarter', currency='KES', purchase_value=76460.55, country='Bermuda')
Order(qty=4, sku_name='Gaming')
Purchase(username='blackwellpatrick', currency='MMK', purchase_value=81456.43, country='Guinea-Bissau')
Order(qty=10, sku_name='Gaming')
Purchase(username='xbond', currency='CUP', purchase_value=49473.34, country='Chile')
Order(qty=17, sku_name='Accesories')
Purchase(username='mcguiregeorge', currency='TTD', purchase_value=49124.35, country='Puerto Rico')
Order(qty=11, sku_name='Tablet & Laptops')
Purchase(username='katie76', currency='RUB', purchase_value=93384.57, country='Sweden')
Order(qty=6, sku_name=' Smart TV')
Purchase(username='alejandrolee', currency='TWD', purchase_value=76764.29, country='French Polynesia')
Order(qty=9, sku_name='Routers')
Purchase(username='mosselizabeth', currency='MXN', purchase_value=79625.54, country='Guam')
Order(qty=16, sku_name='Accesories')
Purchase(username='vrussell', currency='BMD', purchase_value=95385.53, country='Slovenia')
Order(qty=19, sku_name='Routers')
Purchase(username='jason60', currency='ALL', purchase_value=45536.23, country='Netherlands')
Order(qty=16, sku_name='Tablet & Laptops')
Purchase(username='christineleach', currency='UAH', purchase_value=69804.9, country='Albania')
Order(qty=11, sku_name='Wifi Solutions')
Purchase(username='christopher94', currency='LKR', purchase_value=95648.27, country='Hong Kong')
Order(qty=16, sku_name='Audio Device')
Purchase(username='christensenmarcus', currency='GIP', purchase_value=52732.32, country='Hungary')
Order(qty=2, sku_name='Wifi Solutions')
Purchase(username='zreed', currency='GMD', purchase_value=4660.61, country='Svalbard & Jan Mayen Islands')
Order(qty=18, sku_name=' Smart TV')
Purchase(username='thomassullivan', currency='GYD', purchase_value=72709.63, country='Israel')
Order(qty=4, sku_name='Gaming')
